<?xml version="1.0" encoding="UTF-8"?>
<!-- Generated by org.testng.reporters.JUnitReportReporter -->
<testsuite hostname="Fatimah" failures="0" tests="2" name="rahulshettyacademy.tests.ErrorValidationsTest" time="42.407" errors="0" timestamp="2023-07-04T16:51:09 SGT" skipped="0">
  <testcase classname="rahulshettyacademy.tests.ErrorValidationsTest" name="productErrorValidation" time="36.600"/>
  <system-out/>
  <testcase classname="rahulshettyacademy.tests.ErrorValidationsTest" name="loginErrorValidation" time="5.807"/>
  <system-out/>
</testsuite> <!-- rahulshettyacademy.tests.ErrorValidationsTest -->
