<?xml version="1.0" encoding="UTF-8"?>
<!-- Generated by org.testng.reporters.JUnitReportReporter -->
<testsuite hostname="Fatimah" failures="0" tests="2" name="cucumber.TestNGTestRunner" time="15.716" errors="0" timestamp="2023-07-05T10:55:31 SGT" skipped="0">
  <testcase classname="cucumber.TestNGTestRunner" name="runScenario" time="9.155"/>
  <system-out/>
  <testcase classname="cucumber.TestNGTestRunner" name="runScenario" time="6.561"/>
  <system-out/>
</testsuite> <!-- cucumber.TestNGTestRunner -->
