<?xml version="1.0" encoding="UTF-8"?>
<!-- Generated by org.testng.reporters.JUnitReportReporter -->
<testsuite hostname="Fatimah" failures="0" tests="2" name="rahulshettyacademy.tests.ErrorValidationsTest" time="16.771" errors="0" timestamp="2023-07-05T15:02:25 SGT" skipped="0">
  <testcase classname="rahulshettyacademy.tests.ErrorValidationsTest" name="productErrorValidation" time="9.519"/>
  <system-out/>
  <testcase classname="rahulshettyacademy.tests.ErrorValidationsTest" name="loginErrorValidation" time="7.252"/>
  <system-out/>
</testsuite> <!-- rahulshettyacademy.tests.ErrorValidationsTest -->
